../input_150124/input/Fabio
read_b2fstate -- file version 03.000.006
b2fgmtry loaded from .pkl
b2fplasmf loaded from .pkl
Render pass 1:
Render time: 1.058s (4.03% complete, 291.5k rays)
Render time: 2.085s (9.03% complete, 361.8k rays)
Render time: 3.104s (14.58% complete, 401.2k rays)
Render time: 4.134s (20.28% complete, 411.8k rays)
Render time: 5.136s (25.69% complete, 391.5k rays)
Render time: 6.143s (31.81% complete, 441.6k rays)
Render time: 7.145s (37.36% complete, 401.3k rays)
Render time: 8.162s (43.19% complete, 421.4k rays)
Render time: 9.185s (48.75% complete, 402.0k rays)
Render time: 10.211s (54.72% complete, 432.6k rays)
Render time: 11.224s (60.83% complete, 441.4k rays)
Render time: 12.232s (66.53% complete, 411.8k rays)
Render time: 13.261s (72.08% complete, 401.0k rays)
Render time: 14.277s (77.64% complete, 402.2k rays)
Render time: 15.293s (83.33% complete, 411.4k rays)
Render time: 16.313s (89.03% complete, 411.4k rays)
Render time: 17.360s (95.14% complete, 442.3k rays)
Render complete - time elapsed 18.216s - 396.9k rays/s
Render pass 2:
Render time: 1.008s (22.22% complete, 321.0k rays)
Render time: 2.024s (43.06% complete, 301.1k rays)
Render time: 3.027s (74.31% complete, 451.1k rays)
Render complete - time elapsed 3.948s - 365.7k rays/s
Render pass 3:
Render time: 1.026s (20.14% complete, 290.8k rays)
Render time: 2.029s (39.58% complete, 281.0k rays)
Render time: 3.033s (61.11% complete, 311.0k rays)
Render time: 4.046s (84.03% complete, 331.2k rays)
Render complete - time elapsed 4.639s - 311.4k rays/s
Render pass 4:
Render time: 1.022s (16.67% complete, 241.5k rays)
Render time: 2.095s (36.11% complete, 281.6k rays)
Render time: 3.151s (60.42% complete, 351.4k rays)
Render time: 4.153s (84.03% complete, 342.7k rays)
Render complete - time elapsed 4.798s - 302.0k rays/s
Render pass 5:
Render time: 1.014s (16.67% complete, 240.9k rays)
Render time: 2.018s (35.42% complete, 271.1k rays)
Render time: 3.044s (57.64% complete, 321.7k rays)
Render time: 4.072s (79.86% complete, 322.5k rays)
Render complete - time elapsed 4.856s - 298.2k rays/s
Render pass 6:
Render time: 1.018s (15.97% complete, 231.1k rays)
Render time: 2.028s (36.81% complete, 301.1k rays)
Render time: 3.132s (60.42% complete, 341.9k rays)
Render time: 4.139s (84.03% complete, 341.7k rays)
Render complete - time elapsed 4.751s - 304.5k rays/s
Render pass 7:
Render time: 1.023s (17.36% complete, 251.1k rays)
Render time: 2.100s (36.81% complete, 281.9k rays)
Render time: 3.113s (61.81% complete, 361.6k rays)
Render time: 4.132s (81.25% complete, 280.8k rays)
Render complete - time elapsed 4.813s - 300.5k rays/s
Render pass 8:
Render time: 1.018s (16.67% complete, 241.4k rays)
Render time: 2.080s (36.11% complete, 281.6k rays)
Render time: 3.094s (59.72% complete, 341.4k rays)
Render time: 4.099s (81.25% complete, 311.3k rays)
Render complete - time elapsed 4.840s - 299.0k rays/s
Render pass 9:
Render time: 1.036s (16.67% complete, 241.4k rays)
Render time: 2.184s (36.11% complete, 281.4k rays)
Render time: 3.236s (61.81% complete, 372.3k rays)
Render time: 4.255s (82.64% complete, 301.4k rays)
Render complete - time elapsed 4.865s - 297.6k rays/s
Render pass 10:
Render time: 1.018s (15.97% complete, 231.5k rays)
Render time: 2.061s (34.72% complete, 272.1k rays)
Render time: 3.063s (57.64% complete, 332.1k rays)
Render time: 4.092s (79.17% complete, 311.6k rays)
Render complete - time elapsed 4.946s - 292.8k rays/s
Render pass 1:
Render time: 1.962s (0.14% complete, 10.3k rays)
Render time: 4.096s (1.81% complete, 124.0k rays)
Render time: 5.154s (3.19% complete, 103.2k rays)
Render time: 6.368s (3.47% complete, 20.7k rays)
Render time: 7.965s (5.00% complete, 113.6k rays)
Render time: 9.088s (5.83% complete, 62.0k rays)
Render time: 10.424s (6.67% complete, 62.2k rays)
Render time: 11.428s (7.22% complete, 41.4k rays)
Render time: 12.539s (8.19% complete, 72.4k rays)
Render time: 13.581s (8.75% complete, 41.5k rays)
Render time: 14.617s (10.00% complete, 93.1k rays)
Render time: 15.864s (10.28% complete, 20.7k rays)
Render time: 16.907s (11.67% complete, 103.3k rays)
Render time: 17.940s (11.81% complete, 10.3k rays)
Render time: 18.950s (13.06% complete, 93.0k rays)
Render time: 20.434s (13.61% complete, 41.2k rays)
Render time: 21.565s (14.86% complete, 92.9k rays)
Render time: 22.611s (15.28% complete, 31.1k rays)
Render time: 23.631s (16.25% complete, 72.4k rays)
Render time: 24.804s (16.94% complete, 51.7k rays)
Render time: 26.063s (17.78% complete, 61.9k rays)
Render time: 27.107s (18.75% complete, 72.4k rays)
Render time: 28.258s (19.31% complete, 41.3k rays)
Render time: 29.420s (20.28% complete, 72.3k rays)
Render time: 30.559s (21.25% complete, 72.3k rays)
Render time: 31.876s (22.08% complete, 62.0k rays)
Render time: 32.886s (22.78% complete, 51.6k rays)
Render time: 33.893s (23.75% complete, 72.2k rays)
Render time: 34.895s (24.03% complete, 20.7k rays)
Render time: 35.921s (25.00% complete, 72.4k rays)
Render time: 37.087s (25.56% complete, 41.4k rays)
Render time: 38.142s (26.67% complete, 82.7k rays)
Render time: 39.518s (27.22% complete, 41.3k rays)
Render time: 40.519s (28.33% complete, 82.7k rays)
Render time: 41.902s (28.89% complete, 41.4k rays)
Render time: 42.905s (30.28% complete, 103.4k rays)
Render time: 44.374s (30.56% complete, 20.7k rays)
Render time: 46.185s (32.08% complete, 113.7k rays)
Render time: 47.301s (33.06% complete, 72.2k rays)
Render time: 48.496s (33.89% complete, 62.0k rays)
Render time: 49.635s (34.72% complete, 61.9k rays)
Render time: 51.055s (35.56% complete, 62.0k rays)
Render time: 52.133s (36.53% complete, 72.2k rays)
Render time: 53.575s (37.22% complete, 51.6k rays)
Render time: 54.633s (38.19% complete, 72.4k rays)
Render time: 55.730s (38.89% complete, 51.7k rays)
Render time: 56.760s (39.44% complete, 41.3k rays)
Render time: 57.905s (40.56% complete, 82.7k rays)
Render time: 58.931s (40.97% complete, 31.0k rays)
Render time: 59.954s (42.08% complete, 82.7k rays)
Render time: 61.119s (42.50% complete, 31.0k rays)
Render time: 62.353s (43.47% complete, 72.4k rays)
Render time: 63.515s (44.17% complete, 51.8k rays)
Render time: 64.548s (45.00% complete, 61.9k rays)
Render time: 65.823s (45.69% complete, 51.7k rays)
Render time: 67.150s (46.53% complete, 62.1k rays)
Render time: 68.366s (47.36% complete, 62.2k rays)
Render time: 69.604s (48.19% complete, 62.1k rays)
Render time: 70.770s (49.03% complete, 62.1k rays)
Render time: 71.944s (49.72% complete, 51.7k rays)
Render time: 72.968s (50.42% complete, 51.8k rays)
Render time: 74.346s (51.25% complete, 62.1k rays)
Render time: 75.412s (52.08% complete, 62.1k rays)
Render time: 76.546s (52.78% complete, 51.7k rays)
Render time: 77.710s (53.47% complete, 51.7k rays)
Render time: 78.806s (54.44% complete, 72.2k rays)
Render time: 79.825s (55.00% complete, 41.3k rays)
Render time: 81.069s (56.11% complete, 82.8k rays)
Render time: 82.198s (56.39% complete, 20.7k rays)
Render time: 83.274s (57.50% complete, 82.7k rays)
Render time: 84.446s (58.06% complete, 41.4k rays)
Render time: 85.605s (58.75% complete, 51.6k rays)
Render time: 86.788s (59.58% complete, 62.1k rays)
Render time: 87.981s (60.28% complete, 51.6k rays)
Render time: 89.127s (61.25% complete, 72.3k rays)
Render time: 90.207s (62.08% complete, 62.0k rays)
Render time: 91.209s (62.64% complete, 41.3k rays)
Render time: 92.290s (63.47% complete, 61.9k rays)
Render time: 93.389s (64.03% complete, 41.3k rays)
Render time: 94.446s (65.14% complete, 82.5k rays)
Render time: 95.920s (65.69% complete, 41.3k rays)
Render time: 96.930s (66.67% complete, 72.3k rays)
Render time: 98.113s (67.36% complete, 51.6k rays)
Render time: 99.169s (68.19% complete, 62.0k rays)
Render time: 100.267s (68.89% complete, 51.7k rays)
Render time: 101.359s (69.72% complete, 62.0k rays)
Render time: 102.985s (70.42% complete, 51.6k rays)
Render time: 104.264s (71.67% complete, 93.0k rays)
Render time: 105.446s (72.22% complete, 41.3k rays)
Render time: 106.549s (73.33% complete, 82.7k rays)
Render time: 107.586s (73.75% complete, 30.9k rays)
Render time: 108.976s (74.86% complete, 82.6k rays)
Render time: 110.021s (75.42% complete, 41.4k rays)
Render time: 111.161s (76.25% complete, 62.1k rays)
Render time: 112.542s (77.08% complete, 62.1k rays)
Render time: 113.607s (77.92% complete, 62.0k rays)
Render time: 114.692s (78.47% complete, 41.3k rays)
Render time: 116.190s (79.44% complete, 72.4k rays)
Render time: 117.228s (80.28% complete, 62.0k rays)
Render time: 118.561s (81.11% complete, 61.9k rays)
Render time: 119.626s (81.81% complete, 51.7k rays)
Render time: 121.047s (82.78% complete, 72.2k rays)
Render time: 122.138s (83.75% complete, 72.3k rays)
Render time: 123.415s (84.58% complete, 62.0k rays)
Render time: 124.951s (85.42% complete, 62.0k rays)
Render time: 126.177s (86.53% complete, 82.7k rays)
Render time: 127.545s (87.08% complete, 41.4k rays)
Render time: 128.556s (88.19% complete, 82.7k rays)
Render time: 130.300s (88.75% complete, 41.3k rays)
Render time: 131.502s (90.14% complete, 103.5k rays)
Render time: 132.780s (90.42% complete, 20.7k rays)
Render time: 134.279s (91.81% complete, 103.4k rays)
Render time: 135.338s (92.22% complete, 31.0k rays)
Render time: 137.134s (93.61% complete, 103.4k rays)
Render time: 138.470s (94.58% complete, 72.3k rays)
Render time: 139.592s (95.42% complete, 62.0k rays)
Render time: 140.677s (96.11% complete, 51.6k rays)
Render time: 141.816s (96.81% complete, 51.7k rays)
Render time: 142.906s (97.78% complete, 72.5k rays)
Render time: 144.129s (98.33% complete, 41.3k rays)
Render time: 145.315s (99.58% complete, 93.0k rays)
Render complete - time elapsed 145.643s - 51.1k rays/s
Render pass 2:
Render time: 1.969s (0.69% complete, 10.3k rays)
Render time: 4.070s (9.03% complete, 123.8k rays)
Render time: 5.251s (16.67% complete, 113.6k rays)
Render time: 6.590s (17.36% complete, 10.3k rays)
Render time: 7.843s (25.00% complete, 113.4k rays)
Render time: 8.875s (26.39% complete, 20.6k rays)
Render time: 9.906s (32.64% complete, 92.8k rays)
Render time: 11.149s (34.03% complete, 20.7k rays)
Render time: 12.164s (39.58% complete, 82.5k rays)
Render time: 13.423s (43.06% complete, 51.5k rays)
Render time: 14.517s (47.22% complete, 61.9k rays)
Render time: 15.894s (51.39% complete, 61.9k rays)
Render time: 17.288s (56.94% complete, 82.6k rays)
Render time: 18.368s (61.11% complete, 61.9k rays)
Render time: 19.370s (65.28% complete, 61.8k rays)
Render time: 20.593s (69.44% complete, 61.9k rays)
Render time: 21.855s (73.61% complete, 61.9k rays)
Render time: 22.936s (77.08% complete, 51.5k rays)
Render time: 24.175s (81.94% complete, 72.3k rays)
Render time: 25.237s (86.81% complete, 72.3k rays)
Render time: 26.377s (90.28% complete, 51.6k rays)
Render time: 27.610s (95.14% complete, 72.2k rays)
Render complete - time elapsed 28.463s - 52.2k rays/s
Render pass 3:
Render time: 1.727s (0.69% complete, 10.3k rays)
Render time: 2.742s (6.25% complete, 82.5k rays)
Render time: 4.056s (9.03% complete, 41.3k rays)
Render time: 5.167s (13.89% complete, 72.4k rays)
Render time: 6.653s (17.36% complete, 51.7k rays)
Render time: 7.674s (22.92% complete, 82.7k rays)
Render time: 8.881s (25.69% complete, 41.4k rays)
Render time: 9.960s (31.25% complete, 82.6k rays)
Render time: 11.399s (34.03% complete, 41.4k rays)
Render time: 12.521s (38.89% complete, 72.2k rays)
Render time: 14.347s (43.06% complete, 61.9k rays)
Render time: 15.486s (50.00% complete, 103.2k rays)
Render time: 16.802s (51.39% complete, 20.7k rays)
Render time: 17.874s (58.33% complete, 103.2k rays)
Render time: 18.960s (59.72% complete, 20.7k rays)
Render time: 19.971s (64.58% complete, 72.3k rays)
Render time: 20.986s (68.06% complete, 51.5k rays)
Render time: 22.150s (71.53% complete, 51.5k rays)
Render time: 23.466s (76.39% complete, 72.3k rays)
Render time: 24.714s (81.25% complete, 72.3k rays)
Render time: 26.100s (84.72% complete, 51.5k rays)
Render time: 27.237s (90.97% complete, 92.9k rays)
Render time: 28.434s (93.06% complete, 31.0k rays)
Render complete - time elapsed 29.135s - 51.0k rays/s
Render pass 4:
Render time: 2.147s (0.69% complete, 10.3k rays)
Render time: 4.796s (9.03% complete, 124.1k rays)
Render time: 5.966s (16.67% complete, 113.8k rays)
Render time: 7.089s (17.36% complete, 10.4k rays)
Render time: 8.822s (25.00% complete, 113.7k rays)
Render time: 10.017s (28.47% complete, 51.6k rays)
Render time: 11.484s (33.33% complete, 72.4k rays)
Render time: 12.555s (36.81% complete, 51.6k rays)
Render time: 13.913s (41.67% complete, 72.3k rays)
Render time: 14.947s (45.83% complete, 62.0k rays)
Render time: 16.614s (50.00% complete, 62.0k rays)
Render time: 17.649s (54.86% complete, 72.4k rays)
Render time: 18.875s (58.33% complete, 51.7k rays)
Render time: 19.923s (60.42% complete, 30.9k rays)
Render time: 21.376s (65.97% complete, 82.8k rays)
Render time: 22.391s (69.44% complete, 51.5k rays)
Render time: 23.879s (74.31% complete, 72.3k rays)
Render time: 24.998s (77.78% complete, 51.7k rays)
Render time: 26.277s (82.64% complete, 72.3k rays)
Render time: 27.289s (86.11% complete, 51.6k rays)
Render time: 28.541s (90.97% complete, 72.3k rays)
Render time: 29.615s (93.75% complete, 41.3k rays)
Render complete - time elapsed 30.601s - 48.6k rays/s
Render pass 5:
Render time: 2.218s (0.69% complete, 10.3k rays)
Render time: 4.482s (9.03% complete, 124.1k rays)
Render time: 5.520s (13.89% complete, 72.4k rays)
Render time: 6.982s (17.36% complete, 51.8k rays)
Render time: 8.059s (23.61% complete, 93.0k rays)
Render time: 9.092s (25.00% complete, 20.7k rays)
Render time: 10.125s (26.39% complete, 20.7k rays)
Render time: 11.492s (32.64% complete, 93.1k rays)
Render time: 12.525s (34.03% complete, 20.7k rays)
Render time: 13.560s (38.89% complete, 72.4k rays)
Render time: 14.821s (41.67% complete, 41.4k rays)
Render time: 15.834s (44.44% complete, 41.4k rays)
Render time: 17.240s (49.31% complete, 72.4k rays)
Render time: 18.456s (52.78% complete, 51.7k rays)
Render time: 19.554s (57.64% complete, 72.5k rays)
Render time: 20.636s (61.11% complete, 51.7k rays)
Render time: 21.701s (64.58% complete, 51.8k rays)
Render time: 22.874s (68.06% complete, 51.7k rays)
Render time: 24.081s (70.83% complete, 41.4k rays)
Render time: 25.174s (75.69% complete, 72.4k rays)
Render time: 26.488s (79.17% complete, 51.7k rays)
Render time: 27.560s (83.33% complete, 62.2k rays)
Render time: 28.898s (86.81% complete, 51.8k rays)
Render time: 29.928s (90.97% complete, 62.0k rays)
Render time: 31.312s (95.83% complete, 72.4k rays)
Render complete - time elapsed 31.723s - 46.9k rays/s
Render pass 6:
Render time: 2.090s (0.69% complete, 10.3k rays)
Render time: 3.135s (8.33% complete, 113.8k rays)
Render time: 4.518s (9.03% complete, 10.3k rays)
Render time: 5.787s (15.28% complete, 93.0k rays)
Render time: 6.807s (17.36% complete, 31.0k rays)
Render time: 7.949s (21.53% complete, 62.1k rays)
Render time: 9.114s (25.69% complete, 62.0k rays)
Render time: 10.199s (27.78% complete, 31.0k rays)
Render time: 11.208s (32.64% complete, 72.5k rays)
Render time: 12.545s (35.42% complete, 41.4k rays)
Render time: 13.617s (38.89% complete, 51.8k rays)
Render time: 15.087s (43.75% complete, 72.4k rays)
Render time: 16.096s (46.53% complete, 41.3k rays)
Render time: 17.288s (51.39% complete, 72.5k rays)
Render time: 18.353s (54.86% complete, 51.7k rays)
Render time: 19.761s (59.72% complete, 72.3k rays)
Render time: 21.018s (63.19% complete, 51.6k rays)
Render time: 22.022s (68.06% complete, 72.3k rays)
Render time: 23.109s (70.83% complete, 41.4k rays)
Render time: 24.212s (74.31% complete, 51.7k rays)
Render time: 25.538s (78.47% complete, 62.2k rays)
Render time: 26.664s (81.25% complete, 41.3k rays)
Render time: 27.730s (86.11% complete, 72.4k rays)
Render time: 28.766s (88.89% complete, 41.3k rays)
Render time: 29.894s (92.36% complete, 51.7k rays)
Render time: 30.977s (97.92% complete, 82.7k rays)
Render complete - time elapsed 31.187s - 47.7k rays/s
Render pass 7:
Render time: 2.124s (0.69% complete, 10.3k rays)
Render time: 4.423s (9.03% complete, 123.8k rays)
Render time: 5.441s (15.28% complete, 93.0k rays)
Render time: 6.927s (17.36% complete, 31.0k rays)
Render time: 8.299s (25.00% complete, 113.6k rays)
Render time: 9.386s (27.08% complete, 31.0k rays)
Render time: 10.431s (31.25% complete, 62.0k rays)
Render time: 11.572s (34.03% complete, 41.3k rays)
Render time: 12.742s (37.50% complete, 51.6k rays)
Render time: 14.143s (42.36% complete, 72.3k rays)
Render time: 15.588s (47.92% complete, 82.5k rays)
Render time: 16.933s (51.39% complete, 51.6k rays)
Render time: 18.137s (56.94% complete, 82.6k rays)
Render time: 19.286s (61.11% complete, 61.9k rays)
Render time: 20.400s (65.28% complete, 61.9k rays)
Render time: 21.503s (68.06% complete, 41.3k rays)
Render time: 22.727s (72.22% complete, 62.0k rays)
Render time: 23.758s (75.69% complete, 51.6k rays)
Render time: 24.785s (79.86% complete, 62.0k rays)
Render time: 25.894s (84.03% complete, 61.8k rays)
Render time: 27.037s (86.81% complete, 41.3k rays)
Render time: 28.278s (91.67% complete, 72.3k rays)
Render time: 29.381s (96.53% complete, 72.3k rays)
Render complete - time elapsed 29.929s - 49.7k rays/s
Render pass 8:
Render time: 2.094s (0.69% complete, 10.3k rays)
Render time: 4.167s (9.03% complete, 123.8k rays)
Render time: 5.322s (15.28% complete, 92.9k rays)
Render time: 6.760s (18.06% complete, 41.4k rays)
Render time: 7.990s (24.31% complete, 93.0k rays)
Render time: 9.258s (26.39% complete, 30.9k rays)
Render time: 10.351s (32.64% complete, 93.0k rays)
Render time: 11.391s (34.03% complete, 20.7k rays)
Render time: 12.438s (36.81% complete, 41.4k rays)
Render time: 13.773s (42.36% complete, 82.6k rays)
Render time: 14.796s (45.14% complete, 41.3k rays)
Render time: 16.017s (50.69% complete, 82.6k rays)
Render time: 17.184s (54.17% complete, 51.6k rays)
Render time: 18.525s (59.03% complete, 72.3k rays)
Render time: 19.793s (63.19% complete, 61.9k rays)
Render time: 21.035s (67.36% complete, 61.9k rays)
Render time: 22.150s (71.53% complete, 61.9k rays)
Render time: 23.189s (75.00% complete, 51.7k rays)
Render time: 24.257s (78.47% complete, 51.6k rays)
Render time: 25.627s (83.33% complete, 72.3k rays)
Render time: 26.736s (86.81% complete, 51.5k rays)
Render time: 27.975s (91.67% complete, 72.3k rays)
Render time: 29.098s (97.22% complete, 82.5k rays)
Render complete - time elapsed 29.492s - 50.4k rays/s
Render pass 9:
Render time: 2.075s (0.69% complete, 10.3k rays)
Render time: 3.132s (8.33% complete, 113.7k rays)
Render time: 4.218s (9.03% complete, 10.3k rays)
Render time: 5.222s (15.28% complete, 92.8k rays)
Render time: 6.645s (17.36% complete, 31.0k rays)
Render time: 7.819s (23.61% complete, 92.9k rays)
Render time: 9.057s (26.39% complete, 41.3k rays)
Render time: 10.067s (31.94% complete, 82.5k rays)
Render time: 11.296s (34.03% complete, 31.0k rays)
Render time: 12.312s (37.50% complete, 51.7k rays)
Render time: 13.498s (40.97% complete, 51.7k rays)
Render time: 14.763s (45.14% complete, 62.1k rays)
Render time: 15.979s (49.31% complete, 62.0k rays)
Render time: 17.330s (53.47% complete, 62.0k rays)
Render time: 18.447s (58.33% complete, 72.2k rays)
Render time: 19.679s (61.81% complete, 51.6k rays)
Render time: 21.090s (66.67% complete, 72.3k rays)
Render time: 22.108s (70.83% complete, 61.8k rays)
Render time: 23.135s (74.31% complete, 51.6k rays)
Render time: 24.150s (76.39% complete, 31.0k rays)
Render time: 25.243s (81.94% complete, 82.7k rays)
Render time: 26.358s (84.03% complete, 30.9k rays)
Render time: 27.373s (88.89% complete, 72.3k rays)
Render time: 29.011s (92.36% complete, 51.7k rays)
Render complete - time elapsed 29.935s - 49.7k rays/s
Render pass 10:
Render time: 1.973s (0.69% complete, 10.3k rays)
Render time: 3.020s (7.64% complete, 103.3k rays)
Render time: 4.344s (9.03% complete, 20.6k rays)
Render time: 5.403s (15.28% complete, 92.9k rays)
Render time: 6.720s (17.36% complete, 31.1k rays)
Render time: 8.319s (23.61% complete, 93.0k rays)
Render time: 9.499s (27.78% complete, 62.0k rays)
Render time: 10.517s (31.25% complete, 51.6k rays)
Render time: 11.728s (34.72% complete, 51.6k rays)
Render time: 12.767s (38.19% complete, 51.7k rays)
Render time: 13.883s (42.36% complete, 61.9k rays)
Render time: 14.896s (46.53% complete, 62.0k rays)
Render time: 15.949s (49.31% complete, 41.2k rays)
Render time: 17.205s (53.47% complete, 61.9k rays)
Render time: 18.337s (56.94% complete, 51.6k rays)
Render time: 19.697s (62.50% complete, 82.8k rays)
Render time: 21.041s (65.28% complete, 41.4k rays)
Render time: 22.777s (71.53% complete, 93.0k rays)
Render time: 23.807s (75.69% complete, 62.0k rays)
Render time: 25.116s (79.86% complete, 62.0k rays)
Render time: 26.153s (81.94% complete, 31.0k rays)
Render time: 27.563s (88.19% complete, 93.1k rays)
Render time: 28.628s (89.58% complete, 20.7k rays)
Render time: 29.641s (96.53% complete, 103.4k rays)
Render complete - time elapsed 30.452s - 48.9k rays/s
Render pass 1:
Render time: 1.090s (0.97% complete, 73.5k rays)
Render time: 2.166s (3.06% complete, 157.2k rays)
Render time: 3.206s (5.00% complete, 146.7k rays)
Render time: 4.266s (6.67% complete, 125.8k rays)
Render time: 5.313s (8.33% complete, 125.8k rays)
Render time: 6.375s (10.28% complete, 146.9k rays)
Render time: 7.402s (12.08% complete, 136.3k rays)
Render time: 8.517s (14.17% complete, 157.1k rays)
Render time: 9.551s (15.83% complete, 125.7k rays)
Render time: 10.676s (17.78% complete, 146.9k rays)
Render time: 11.689s (19.58% complete, 136.2k rays)
Render time: 12.781s (21.53% complete, 146.9k rays)
Render time: 13.944s (23.61% complete, 157.4k rays)
Render time: 15.079s (25.42% complete, 136.1k rays)
Render time: 16.127s (27.64% complete, 167.8k rays)
Render time: 17.205s (29.44% complete, 136.1k rays)
Render time: 18.229s (31.39% complete, 146.8k rays)
Render time: 19.236s (33.19% complete, 136.3k rays)
Render time: 20.240s (35.14% complete, 146.7k rays)
Render time: 21.546s (37.08% complete, 146.9k rays)
Render time: 22.622s (39.17% complete, 157.3k rays)
Render time: 23.641s (40.97% complete, 136.4k rays)
Render time: 24.679s (43.06% complete, 157.0k rays)
Render time: 25.688s (44.86% complete, 136.3k rays)
Render time: 26.723s (46.94% complete, 157.5k rays)
Render time: 27.935s (49.03% complete, 157.3k rays)
Render time: 29.016s (50.97% complete, 146.7k rays)
Render time: 30.146s (52.78% complete, 136.2k rays)
Render time: 31.262s (54.72% complete, 146.9k rays)
Render time: 32.311s (56.81% complete, 157.2k rays)
Render time: 33.339s (58.75% complete, 146.9k rays)
Render time: 34.446s (60.69% complete, 146.8k rays)
Render time: 35.499s (62.50% complete, 136.1k rays)
Render time: 36.508s (64.31% complete, 136.3k rays)
Render time: 37.548s (65.97% complete, 125.8k rays)
Render time: 38.616s (67.92% complete, 146.6k rays)
Render time: 39.621s (69.58% complete, 125.7k rays)
Render time: 40.697s (71.81% complete, 168.0k rays)
Render time: 41.737s (73.75% complete, 146.8k rays)
Render time: 42.753s (75.56% complete, 136.2k rays)
Render time: 43.785s (77.64% complete, 157.3k rays)
Render time: 44.852s (79.31% complete, 125.7k rays)
Render time: 46.025s (81.25% complete, 146.7k rays)
Render time: 47.213s (83.61% complete, 178.3k rays)
Render time: 48.280s (85.56% complete, 146.7k rays)
Render time: 49.292s (87.36% complete, 136.3k rays)
Render time: 50.309s (88.89% complete, 115.4k rays)
Render time: 51.388s (91.11% complete, 167.7k rays)
Render time: 52.450s (92.92% complete, 136.2k rays)
Render time: 53.519s (95.00% complete, 157.1k rays)
Render time: 54.553s (97.22% complete, 167.9k rays)
Render time: 55.594s (99.03% complete, 136.2k rays)
Render complete - time elapsed 56.000s - 134.8k rays/s
Render pass 2:
Render time: 1.001s (6.25% complete, 94.6k rays)
Render time: 2.329s (17.36% complete, 168.1k rays)
Render time: 3.329s (29.17% complete, 178.6k rays)
Render time: 4.426s (37.50% complete, 126.0k rays)
Render time: 5.492s (50.00% complete, 189.0k rays)
Render time: 6.521s (61.11% complete, 168.0k rays)
Render time: 7.555s (72.22% complete, 168.1k rays)
Render time: 8.633s (81.94% complete, 147.0k rays)
Render time: 9.645s (90.97% complete, 136.6k rays)
Render complete - time elapsed 10.310s - 146.7k rays/s
Render pass 3:
Render time: 1.011s (4.17% complete, 63.0k rays)
Render time: 2.014s (15.28% complete, 168.0k rays)
Render time: 3.277s (25.69% complete, 157.5k rays)
Render time: 4.508s (34.72% complete, 136.6k rays)
Render time: 5.554s (47.22% complete, 189.2k rays)
Render time: 6.570s (57.64% complete, 157.4k rays)
Render time: 7.619s (66.67% complete, 136.3k rays)
Render time: 8.643s (76.39% complete, 146.9k rays)
Render time: 9.721s (85.42% complete, 136.5k rays)
Render time: 10.744s (99.31% complete, 209.9k rays)
Render complete - time elapsed 10.816s - 139.8k rays/s
Render pass 4:
Render time: 1.061s (3.47% complete, 52.4k rays)
Render time: 2.104s (13.89% complete, 157.3k rays)
Render time: 3.132s (22.92% complete, 136.3k rays)
Render time: 4.171s (33.33% complete, 157.2k rays)
Render time: 5.240s (39.58% complete, 94.4k rays)
Render time: 6.247s (50.00% complete, 157.6k rays)
Render time: 7.283s (59.72% complete, 146.7k rays)
Render time: 8.372s (68.75% complete, 136.3k rays)
Render time: 9.434s (77.78% complete, 136.2k rays)
Render time: 10.484s (88.19% complete, 157.3k rays)
Render complete - time elapsed 11.470s - 131.7k rays/s
Render pass 5:
Render time: 1.018s (2.78% complete, 41.9k rays)
Render time: 2.041s (12.50% complete, 146.5k rays)
Render time: 3.116s (22.22% complete, 146.6k rays)
Render time: 4.246s (31.25% complete, 136.2k rays)
Render time: 5.372s (38.89% complete, 115.2k rays)
Render time: 6.453s (47.22% complete, 125.5k rays)
Render time: 7.540s (56.94% complete, 146.6k rays)
Render time: 8.607s (65.97% complete, 136.1k rays)
Render time: 9.630s (74.31% complete, 125.7k rays)
Render time: 10.687s (84.03% complete, 146.7k rays)
Render time: 11.736s (91.67% complete, 115.3k rays)
Render complete - time elapsed 12.261s - 123.0k rays/s
Render pass 6:
Render time: 1.090s (5.56% complete, 84.1k rays)
Render time: 2.259s (15.28% complete, 147.0k rays)
Render time: 3.261s (25.00% complete, 146.7k rays)
Render time: 4.423s (34.03% complete, 136.3k rays)
Render time: 5.573s (43.75% complete, 146.9k rays)
Render time: 6.625s (54.86% complete, 167.6k rays)
Render time: 7.802s (65.97% complete, 167.9k rays)
Render time: 8.869s (75.69% complete, 146.7k rays)
Render time: 9.950s (86.11% complete, 157.4k rays)
Render time: 11.054s (96.53% complete, 157.4k rays)
Render complete - time elapsed 11.217s - 134.7k rays/s
Render pass 7:
Render time: 1.005s (3.47% complete, 52.3k rays)
Render time: 2.139s (14.58% complete, 167.8k rays)
Render time: 3.152s (25.00% complete, 157.3k rays)
Render time: 4.171s (33.33% complete, 125.8k rays)
Render time: 5.248s (40.97% complete, 115.4k rays)
Render time: 6.266s (50.00% complete, 136.2k rays)
Render time: 7.279s (58.33% complete, 125.8k rays)
Render time: 8.398s (68.06% complete, 146.5k rays)
Render time: 9.424s (75.69% complete, 115.1k rays)
Render time: 10.524s (85.42% complete, 146.6k rays)
Render time: 11.604s (93.06% complete, 115.4k rays)
Render complete - time elapsed 11.975s - 126.0k rays/s
Render pass 8:
Render time: 1.015s (4.86% complete, 73.5k rays)
Render time: 2.049s (15.28% complete, 157.3k rays)
Render time: 3.107s (25.00% complete, 146.9k rays)
Render time: 4.275s (34.03% complete, 136.4k rays)
Render time: 5.315s (45.14% complete, 168.0k rays)
Render time: 6.370s (54.17% complete, 136.4k rays)
Render time: 7.403s (63.89% complete, 147.0k rays)
Render time: 8.409s (76.39% complete, 188.8k rays)
Render time: 9.563s (86.11% complete, 147.1k rays)
Render time: 10.650s (95.83% complete, 147.0k rays)
Render complete - time elapsed 10.787s - 140.1k rays/s
Render pass 9:
Render time: 1.013s (3.47% complete, 52.5k rays)
Render time: 2.080s (14.58% complete, 167.9k rays)
Render time: 3.207s (25.69% complete, 167.9k rays)
Render time: 4.208s (34.03% complete, 125.8k rays)
Render time: 5.211s (42.36% complete, 125.9k rays)
Render time: 6.266s (51.39% complete, 136.3k rays)
Render time: 7.349s (60.42% complete, 136.4k rays)
Render time: 8.358s (70.83% complete, 157.5k rays)
Render time: 9.364s (78.47% complete, 115.4k rays)
Render time: 10.381s (89.58% complete, 167.9k rays)
Render complete - time elapsed 11.137s - 135.7k rays/s
Render pass 10:
Render time: 1.028s (4.17% complete, 63.0k rays)
Render time: 2.040s (13.89% complete, 146.9k rays)
Render time: 3.114s (25.00% complete, 167.9k rays)
Render time: 4.409s (34.72% complete, 146.9k rays)
Render time: 5.431s (43.75% complete, 136.4k rays)
Render time: 6.436s (54.17% complete, 157.6k rays)
Render time: 7.569s (63.89% complete, 147.0k rays)
Render time: 8.644s (73.61% complete, 146.9k rays)
Render time: 9.680s (84.72% complete, 167.8k rays)
Render time: 10.682s (95.14% complete, 157.3k rays)
Render complete - time elapsed 11.043s - 136.8k rays/s
Render pass 1:
Render time: 8.746s (0.08% complete, 11.7k rays)
Render time: 10.126s (0.87% complete, 118.8k rays)
Render time: 17.802s (1.03% complete, 23.8k rays)
Render time: 18.821s (1.59% complete, 83.4k rays)
Render time: 19.940s (1.83% complete, 35.6k rays)
Render time: 26.363s (1.98% complete, 23.8k rays)
Render time: 27.686s (2.14% complete, 23.5k rays)
Render time: 28.923s (2.54% complete, 59.4k rays)
Render time: 30.052s (2.86% complete, 47.7k rays)
Render time: 35.767s (2.94% complete, 11.9k rays)
Render time: 37.322s (3.10% complete, 23.4k rays)
Render time: 38.537s (3.49% complete, 59.5k rays)
Render time: 40.029s (3.81% complete, 47.6k rays)
Render time: 45.203s (3.89% complete, 11.8k rays)
Render time: 46.477s (4.05% complete, 23.9k rays)
Render time: 47.801s (4.29% complete, 36.0k rays)
Render time: 48.922s (4.68% complete, 59.5k rays)
Render time: 54.776s (4.84% complete, 23.7k rays)
Render time: 55.975s (5.00% complete, 23.8k rays)
Render time: 57.455s (5.32% complete, 47.6k rays)
Render time: 58.480s (5.56% complete, 35.8k rays)
Render time: 64.013s (5.79% complete, 35.6k rays)
Render time: 65.101s (5.95% complete, 23.9k rays)
Render time: 66.345s (6.11% complete, 23.8k rays)
Render time: 67.480s (6.35% complete, 35.6k rays)
Render time: 68.587s (6.67% complete, 47.7k rays)
Render time: 73.458s (6.75% complete, 12.0k rays)
Render time: 75.084s (6.98% complete, 35.7k rays)
Render time: 76.715s (7.14% complete, 23.8k rays)
Render time: 77.915s (7.54% complete, 59.6k rays)
Render time: 82.226s (7.70% complete, 23.8k rays)
Render time: 83.474s (7.78% complete, 11.8k rays)
Render time: 85.768s (8.02% complete, 35.7k rays)
Render time: 86.774s (8.33% complete, 47.6k rays)
Render time: 88.037s (8.57% complete, 35.7k rays)
Render time: 91.762s (8.65% complete, 11.9k rays)
Render time: 93.720s (8.89% complete, 35.7k rays)
Render time: 95.212s (8.97% complete, 11.8k rays)
Render time: 96.614s (9.21% complete, 35.7k rays)
Render time: 97.930s (9.52% complete, 47.5k rays)
Render time: 100.547s (9.60% complete, 12.0k rays)
Render time: 101.792s (9.76% complete, 23.9k rays)
Render time: 103.178s (9.84% complete, 11.8k rays)
Render time: 104.385s (9.92% complete, 12.0k rays)
Render time: 105.608s (10.00% complete, 11.9k rays)
Render time: 106.678s (10.24% complete, 35.8k rays)
Render time: 109.607s (10.56% complete, 47.7k rays)
Render time: 111.397s (10.63% complete, 11.8k rays)
Render time: 113.259s (10.87% complete, 35.6k rays)
Render time: 114.828s (10.95% complete, 11.8k rays)
Render time: 116.264s (11.11% complete, 23.9k rays)
Render time: 118.059s (11.43% complete, 47.6k rays)
Render time: 119.685s (11.51% complete, 11.9k rays)
Render time: 121.782s (11.67% complete, 23.8k rays)
Render time: 123.513s (11.90% complete, 35.6k rays)
Render time: 125.675s (11.98% complete, 11.7k rays)
Render time: 126.931s (12.30% complete, 47.5k rays)
Render time: 127.959s (12.38% complete, 11.9k rays)
Render time: 129.374s (12.46% complete, 12.0k rays)
Render time: 131.053s (12.62% complete, 23.8k rays)
Render time: 132.457s (12.78% complete, 23.7k rays)
Render time: 134.096s (12.86% complete, 11.8k rays)
Render time: 135.656s (13.02% complete, 24.0k rays)
Render time: 136.782s (13.25% complete, 35.5k rays)
Render time: 138.198s (13.41% complete, 23.7k rays)
Render time: 140.330s (13.57% complete, 23.9k rays)
Render time: 142.258s (13.73% complete, 23.7k rays)
Render time: 144.160s (13.81% complete, 11.9k rays)
Render time: 145.270s (14.13% complete, 47.6k rays)
Render time: 146.279s (14.21% complete, 11.9k rays)
Render time: 148.138s (14.37% complete, 23.8k rays)
Render time: 149.478s (14.52% complete, 23.8k rays)
Render time: 150.562s (14.60% complete, 11.9k rays)
Render time: 152.849s (14.76% complete, 23.7k rays)
Render time: 154.367s (15.00% complete, 35.7k rays)
Render time: 155.948s (15.16% complete, 23.5k rays)
Render time: 157.314s (15.24% complete, 11.8k rays)
Render time: 159.795s (15.48% complete, 35.6k rays)
Render time: 161.318s (15.63% complete, 23.7k rays)
Render time: 163.040s (15.79% complete, 24.0k rays)
Render time: 164.090s (15.95% complete, 23.5k rays)
Render time: 165.096s (16.11% complete, 23.7k rays)
Render time: 166.389s (16.19% complete, 11.9k rays)
Render time: 169.141s (16.43% complete, 35.7k rays)
Render time: 171.003s (16.51% complete, 11.8k rays)
Render time: 172.642s (16.83% complete, 47.7k rays)
Render time: 174.455s (16.98% complete, 23.6k rays)
Render time: 176.222s (17.14% complete, 23.8k rays)
Render time: 179.115s (17.38% complete, 35.6k rays)
Render time: 181.026s (17.62% complete, 35.8k rays)
Render time: 182.068s (17.78% complete, 23.7k rays)
Render time: 185.415s (17.94% complete, 23.8k rays)
Render time: 187.654s (18.33% complete, 59.3k rays)
Render time: 189.513s (18.49% complete, 23.8k rays)
Render time: 191.632s (18.57% complete, 11.9k rays)
Render time: 194.979s (18.89% complete, 47.5k rays)
Render time: 197.149s (19.29% complete, 59.5k rays)
Render time: 199.885s (19.44% complete, 23.7k rays)
Render time: 200.937s (19.52% complete, 11.9k rays)
Render time: 203.852s (19.84% complete, 47.6k rays)
Render time: 204.892s (20.08% complete, 35.5k rays)
Render time: 205.906s (20.16% complete, 11.6k rays)
Render time: 208.318s (20.32% complete, 23.9k rays)
Render time: 209.995s (20.40% complete, 11.9k rays)
Render time: 211.543s (20.63% complete, 35.8k rays)
Render time: 213.283s (20.79% complete, 23.9k rays)
Render time: 215.076s (20.95% complete, 23.8k rays)
Render time: 216.783s (21.19% complete, 35.5k rays)
Render time: 219.614s (21.27% complete, 12.0k rays)
Render time: 221.362s (21.59% complete, 47.4k rays)
Render time: 222.380s (21.75% complete, 23.9k rays)
Render time: 224.337s (21.90% complete, 23.9k rays)
Render time: 225.617s (22.06% complete, 23.9k rays)
Render time: 228.761s (22.22% complete, 23.8k rays)
Render time: 230.076s (22.38% complete, 23.7k rays)
Render time: 231.211s (22.70% complete, 47.5k rays)
Render time: 233.908s (22.86% complete, 23.7k rays)
Render time: 235.018s (23.02% complete, 23.7k rays)
Render time: 237.385s (23.17% complete, 23.8k rays)
Render time: 239.432s (23.25% complete, 11.9k rays)
Render time: 240.629s (23.57% complete, 47.8k rays)
Render time: 243.260s (23.81% complete, 35.6k rays)
Render time: 244.983s (23.97% complete, 23.9k rays)
Render time: 246.913s (24.13% complete, 23.8k rays)
Render time: 248.171s (24.21% complete, 12.0k rays)
Render time: 249.505s (24.29% complete, 11.6k rays)
Render time: 250.538s (24.60% complete, 47.5k rays)
Render time: 252.446s (24.76% complete, 23.8k rays)
Render time: 253.634s (24.84% complete, 11.9k rays)
Render time: 254.701s (25.00% complete, 23.9k rays)
Render time: 257.030s (25.08% complete, 12.0k rays)
Render time: 258.520s (25.32% complete, 35.8k rays)
Render time: 260.041s (25.48% complete, 23.9k rays)
Render time: 263.268s (25.79% complete, 47.7k rays)
Render time: 266.394s (26.03% complete, 35.6k rays)
Render time: 267.644s (26.19% complete, 23.9k rays)
Render time: 268.991s (26.43% complete, 35.7k rays)
Render time: 270.242s (26.59% complete, 23.9k rays)
Render time: 272.956s (26.75% complete, 23.8k rays)
Render time: 274.184s (26.90% complete, 23.8k rays)
Render time: 276.067s (26.98% complete, 11.8k rays)
Render time: 279.391s (27.38% complete, 59.5k rays)
Render time: 281.891s (27.70% complete, 47.5k rays)
Render time: 283.147s (27.78% complete, 11.9k rays)
Render time: 284.846s (27.94% complete, 23.8k rays)
Render time: 286.460s (28.10% complete, 23.6k rays)
Render time: 289.128s (28.33% complete, 35.3k rays)
Render time: 290.251s (28.49% complete, 23.7k rays)
Render time: 291.516s (28.65% complete, 23.7k rays)
Render time: 293.535s (28.81% complete, 23.9k rays)
Render time: 295.402s (28.97% complete, 23.9k rays)
Render time: 296.461s (29.21% complete, 35.7k rays)
Render time: 298.586s (29.29% complete, 11.9k rays)
Render time: 299.677s (29.52% complete, 35.8k rays)
Render time: 301.125s (29.60% complete, 12.0k rays)
Render time: 303.544s (29.76% complete, 23.8k rays)
Render time: 305.081s (30.00% complete, 35.8k rays)
Render time: 308.255s (30.24% complete, 35.7k rays)
Render time: 310.782s (30.56% complete, 47.4k rays)
Render time: 311.919s (30.63% complete, 11.8k rays)
Render time: 313.134s (30.71% complete, 11.8k rays)
Render time: 314.226s (31.03% complete, 47.3k rays)
Render time: 315.344s (31.11% complete, 11.8k rays)
Render time: 317.368s (31.19% complete, 11.8k rays)
Render time: 320.088s (31.51% complete, 47.6k rays)
Render time: 321.198s (31.59% complete, 11.8k rays)
Render time: 322.382s (31.75% complete, 23.8k rays)
Render time: 323.541s (31.90% complete, 23.5k rays)
Render time: 325.091s (32.06% complete, 23.8k rays)
Render time: 327.647s (32.22% complete, 24.0k rays)
Render time: 329.126s (32.46% complete, 35.6k rays)
Render time: 330.946s (32.54% complete, 12.0k rays)
Render time: 332.433s (32.86% complete, 47.5k rays)
Render time: 333.862s (32.94% complete, 11.6k rays)
Render time: 335.078s (33.02% complete, 11.9k rays)
Render time: 336.507s (33.17% complete, 23.8k rays)
Render time: 337.981s (33.33% complete, 23.9k rays)
Render time: 339.719s (33.49% complete, 23.5k rays)
Render time: 341.722s (33.65% complete, 23.5k rays)
Render time: 342.792s (33.89% complete, 35.8k rays)
Render time: 344.300s (33.97% complete, 11.6k rays)
Render time: 345.766s (34.13% complete, 23.8k rays)
Render time: 346.881s (34.21% complete, 11.9k rays)
Render time: 350.210s (34.44% complete, 35.7k rays)
Render time: 351.218s (34.68% complete, 35.4k rays)
Render time: 353.311s (34.92% complete, 35.5k rays)
Render time: 355.627s (35.08% complete, 23.7k rays)
Render time: 357.200s (35.32% complete, 35.6k rays)
Render time: 359.329s (35.40% complete, 12.0k rays)
Render time: 360.491s (35.63% complete, 35.7k rays)
Render time: 363.471s (35.87% complete, 35.2k rays)
Render time: 364.825s (36.03% complete, 23.5k rays)
Render time: 366.372s (36.27% complete, 35.7k rays)
Render time: 368.515s (36.35% complete, 12.0k rays)
Render time: 369.580s (36.59% complete, 35.5k rays)
Render time: 371.100s (36.75% complete, 23.7k rays)
Render time: 373.289s (36.83% complete, 11.9k rays)
Render time: 375.633s (37.06% complete, 35.7k rays)
Render time: 378.448s (37.30% complete, 35.5k rays)
Render time: 379.756s (37.62% complete, 47.5k rays)
Render time: 382.428s (37.78% complete, 23.9k rays)
Render time: 383.686s (37.94% complete, 23.7k rays)
Render time: 385.070s (38.02% complete, 12.0k rays)
Render time: 386.098s (38.17% complete, 23.8k rays)
Render time: 388.053s (38.25% complete, 11.9k rays)
Render time: 389.280s (38.49% complete, 35.8k rays)
Render time: 391.652s (38.73% complete, 35.9k rays)
Render time: 393.405s (38.89% complete, 23.9k rays)
Render time: 395.535s (38.97% complete, 11.9k rays)
Render time: 397.378s (39.21% complete, 35.6k rays)
Render time: 398.885s (39.44% complete, 35.7k rays)
Render time: 400.641s (39.68% complete, 35.7k rays)
Render time: 402.110s (39.76% complete, 11.9k rays)
Render time: 403.174s (39.84% complete, 11.8k rays)
Render time: 404.388s (39.92% complete, 11.9k rays)
Render time: 406.723s (40.16% complete, 35.9k rays)
Render time: 407.770s (40.32% complete, 23.5k rays)
Render time: 408.781s (40.56% complete, 35.4k rays)
Render time: 410.753s (40.71% complete, 23.6k rays)
Render time: 413.111s (40.79% complete, 11.8k rays)
Render time: 414.532s (40.95% complete, 23.9k rays)
Render time: 415.822s (41.11% complete, 23.7k rays)
Render time: 417.264s (41.27% complete, 23.8k rays)
Render time: 418.475s (41.51% complete, 35.7k rays)
Render time: 419.546s (41.67% complete, 23.8k rays)
Render time: 422.377s (41.75% complete, 11.9k rays)
Render time: 424.058s (41.90% complete, 23.8k rays)
Render time: 426.480s (42.14% complete, 35.6k rays)
Render time: 427.675s (42.38% complete, 35.7k rays)
Render time: 429.297s (42.62% complete, 35.7k rays)
Render time: 431.751s (42.70% complete, 11.9k rays)
Render time: 433.008s (42.86% complete, 23.9k rays)
Render time: 434.550s (42.94% complete, 12.0k rays)
Render time: 435.761s (43.10% complete, 23.8k rays)
Render time: 436.959s (43.25% complete, 23.7k rays)
Render time: 438.203s (43.57% complete, 47.7k rays)
Render time: 440.670s (43.65% complete, 11.9k rays)
Render time: 441.941s (43.73% complete, 12.0k rays)
Render time: 443.798s (43.89% complete, 23.9k rays)
Render time: 444.822s (44.05% complete, 23.9k rays)
Render time: 446.455s (44.21% complete, 23.8k rays)
Render time: 447.880s (44.52% complete, 47.5k rays)
Render time: 449.862s (44.60% complete, 11.9k rays)
Render time: 451.143s (44.68% complete, 11.9k rays)
Render time: 453.024s (44.84% complete, 23.9k rays)
Render time: 454.516s (44.92% complete, 11.9k rays)
Render time: 456.015s (45.16% complete, 35.6k rays)
Render time: 457.766s (45.48% complete, 47.6k rays)
Render time: 461.454s (45.63% complete, 23.8k rays)
Render time: 463.297s (45.79% complete, 23.8k rays)
Render time: 464.598s (45.95% complete, 24.0k rays)
Render time: 465.951s (46.19% complete, 35.7k rays)
Render time: 468.293s (46.43% complete, 35.6k rays)
Render time: 470.057s (46.59% complete, 23.8k rays)
Render time: 471.515s (46.67% complete, 11.8k rays)
Render time: 473.008s (46.75% complete, 11.9k rays)
Render time: 474.318s (46.90% complete, 23.9k rays)
Render time: 475.321s (47.06% complete, 23.8k rays)
Render time: 477.052s (47.30% complete, 35.7k rays)
Render time: 478.611s (47.46% complete, 24.0k rays)
Render time: 480.719s (47.54% complete, 11.9k rays)
Render time: 482.143s (47.70% complete, 23.9k rays)
Render time: 484.192s (47.86% complete, 23.9k rays)
Render time: 485.671s (48.10% complete, 35.5k rays)
Render time: 487.200s (48.33% complete, 35.7k rays)
Render time: 490.456s (48.49% complete, 23.8k rays)
Render time: 491.585s (48.65% complete, 24.0k rays)
Render time: 492.920s (48.73% complete, 11.8k rays)
Render time: 494.090s (48.81% complete, 11.9k rays)
Render time: 497.040s (49.29% complete, 71.4k rays)
Render time: 500.577s (49.44% complete, 23.8k rays)
Render time: 502.831s (49.68% complete, 35.5k rays)
Render time: 503.905s (49.84% complete, 23.8k rays)
Render time: 506.221s (50.24% complete, 59.3k rays)
Render time: 510.186s (50.40% complete, 23.7k rays)
Render time: 513.190s (50.63% complete, 35.7k rays)
Render time: 516.615s (51.19% complete, 83.3k rays)
Render time: 519.081s (51.35% complete, 23.8k rays)
Render time: 520.299s (51.43% complete, 12.0k rays)
Render time: 522.432s (51.59% complete, 23.7k rays)
Render time: 523.488s (51.90% complete, 47.6k rays)
Render time: 527.010s (52.14% complete, 35.6k rays)
Render time: 529.208s (52.30% complete, 23.7k rays)
Render time: 531.146s (52.54% complete, 35.6k rays)
Render time: 532.542s (52.70% complete, 23.9k rays)
Render time: 534.749s (53.02% complete, 47.6k rays)
Render time: 535.984s (53.10% complete, 12.0k rays)
Render time: 537.790s (53.17% complete, 11.9k rays)
Render time: 540.044s (53.41% complete, 35.7k rays)
Render time: 541.489s (53.57% complete, 23.8k rays)
Render time: 542.578s (53.81% complete, 35.7k rays)
Render time: 545.035s (53.97% complete, 23.7k rays)
Render time: 547.036s (54.13% complete, 23.7k rays)
Render time: 548.902s (54.37% complete, 35.9k rays)
Render time: 550.527s (54.52% complete, 23.8k rays)
Render time: 552.019s (54.68% complete, 23.8k rays)
Render time: 554.393s (54.92% complete, 35.7k rays)
Render time: 556.699s (55.08% complete, 23.7k rays)
Render time: 558.272s (55.32% complete, 35.8k rays)
Render time: 559.619s (55.48% complete, 23.9k rays)
Render time: 561.392s (55.56% complete, 11.9k rays)
Render time: 562.853s (55.71% complete, 23.8k rays)
Render time: 565.353s (56.03% complete, 47.5k rays)
Render time: 566.969s (56.11% complete, 12.0k rays)
Render time: 569.162s (56.35% complete, 35.5k rays)
Render time: 571.215s (56.51% complete, 23.7k rays)
Render time: 572.384s (56.75% complete, 35.3k rays)
Render time: 574.766s (56.98% complete, 35.6k rays)
Render time: 576.567s (57.06% complete, 11.9k rays)
Render time: 579.005s (57.30% complete, 35.7k rays)
Render time: 580.516s (57.46% complete, 23.8k rays)
Render time: 582.826s (57.78% complete, 47.6k rays)
Render time: 585.053s (58.02% complete, 35.6k rays)
Render time: 586.488s (58.10% complete, 12.0k rays)
Render time: 588.219s (58.25% complete, 23.8k rays)
Render time: 589.448s (58.41% complete, 23.7k rays)
Render time: 590.661s (58.49% complete, 11.8k rays)
Render time: 591.749s (58.73% complete, 35.7k rays)
Render time: 592.836s (58.89% complete, 24.0k rays)
Render time: 594.404s (58.97% complete, 11.8k rays)
Render time: 595.840s (59.05% complete, 11.9k rays)
Render time: 597.940s (59.21% complete, 23.7k rays)
Render time: 599.907s (59.44% complete, 35.7k rays)
Render time: 601.415s (59.60% complete, 23.7k rays)
Render time: 603.528s (59.92% complete, 47.8k rays)
Render time: 605.732s (60.00% complete, 12.0k rays)
Render time: 607.041s (60.08% complete, 11.9k rays)
Render time: 608.625s (60.32% complete, 35.7k rays)
Render time: 610.099s (60.40% complete, 11.9k rays)
Render time: 611.170s (60.71% complete, 47.4k rays)
Render time: 613.336s (60.87% complete, 23.6k rays)
Render time: 615.279s (60.95% complete, 11.9k rays)
Render time: 616.901s (61.03% complete, 11.9k rays)
Render time: 619.194s (61.35% complete, 47.4k rays)
Render time: 620.233s (61.59% complete, 35.9k rays)
Render time: 621.354s (61.75% complete, 23.8k rays)
Render time: 623.398s (61.83% complete, 11.9k rays)
Render time: 624.709s (61.90% complete, 11.8k rays)
Render time: 625.918s (61.98% complete, 11.9k rays)
Render time: 627.042s (62.14% complete, 23.8k rays)
Render time: 628.417s (62.30% complete, 23.9k rays)
Render time: 630.557s (62.70% complete, 59.5k rays)
Render time: 633.573s (62.78% complete, 11.9k rays)
Render time: 635.555s (62.94% complete, 23.6k rays)
Render time: 636.962s (63.02% complete, 11.9k rays)
Render time: 638.092s (63.25% complete, 35.7k rays)
Render time: 639.455s (63.57% complete, 47.6k rays)
Render time: 642.320s (63.73% complete, 23.9k rays)
Render time: 643.774s (63.81% complete, 11.9k rays)
Render time: 645.829s (63.97% complete, 23.9k rays)
Render time: 647.711s (64.13% complete, 23.8k rays)
Render time: 649.017s (64.52% complete, 59.4k rays)
Render time: 652.023s (64.68% complete, 23.7k rays)
Render time: 653.342s (64.76% complete, 12.0k rays)
Render time: 654.422s (64.92% complete, 23.8k rays)
Render time: 656.963s (65.08% complete, 23.9k rays)
Render time: 658.483s (65.40% complete, 47.4k rays)
Render time: 661.035s (65.56% complete, 23.8k rays)
Render time: 662.105s (65.71% complete, 23.8k rays)
Render time: 665.142s (65.95% complete, 35.8k rays)
Render time: 666.985s (66.11% complete, 23.9k rays)
Render time: 668.033s (66.35% complete, 35.9k rays)
Render time: 671.291s (66.51% complete, 23.9k rays)
Render time: 674.313s (66.90% complete, 59.5k rays)
Render time: 675.529s (67.06% complete, 23.9k rays)
Render time: 676.568s (67.22% complete, 23.8k rays)
Render time: 678.130s (67.38% complete, 23.8k rays)
Render time: 680.466s (67.46% complete, 11.9k rays)
Render time: 682.866s (67.86% complete, 59.6k rays)
Render time: 684.857s (67.94% complete, 11.9k rays)
Render time: 686.092s (68.25% complete, 47.8k rays)
Render time: 688.635s (68.41% complete, 23.9k rays)
Render time: 690.140s (68.49% complete, 12.0k rays)
Render time: 692.845s (68.81% complete, 47.6k rays)
Render time: 694.190s (68.89% complete, 11.7k rays)
Render time: 696.242s (69.21% complete, 47.5k rays)
Render time: 699.271s (69.37% complete, 23.7k rays)
Render time: 700.376s (69.68% complete, 47.6k rays)
Render time: 701.809s (69.76% complete, 11.9k rays)
Render time: 703.835s (69.92% complete, 23.5k rays)
Render time: 705.793s (70.16% complete, 35.7k rays)
Render time: 708.520s (70.32% complete, 23.4k rays)
Render time: 710.013s (70.48% complete, 23.9k rays)
Render time: 711.489s (70.71% complete, 35.7k rays)
Render time: 713.136s (70.87% complete, 23.7k rays)
Render time: 715.670s (71.11% complete, 35.6k rays)
Render time: 716.710s (71.19% complete, 11.8k rays)
Render time: 717.901s (71.27% complete, 12.0k rays)
Render time: 718.937s (71.35% complete, 12.0k rays)
Render time: 720.272s (71.59% complete, 35.7k rays)
Render time: 721.393s (71.75% complete, 23.8k rays)
Render time: 722.687s (71.83% complete, 11.9k rays)
Render time: 725.503s (72.06% complete, 35.8k rays)
Render time: 728.211s (72.22% complete, 23.8k rays)
Render time: 729.680s (72.62% complete, 59.7k rays)
Render time: 730.758s (72.70% complete, 11.9k rays)
Render time: 731.780s (72.86% complete, 23.8k rays)
Render time: 735.751s (73.02% complete, 23.7k rays)
Render time: 737.185s (73.17% complete, 23.8k rays)
Render time: 738.309s (73.49% complete, 47.7k rays)
Render time: 739.462s (73.57% complete, 11.9k rays)
Render time: 741.461s (73.81% complete, 35.8k rays)
Render time: 742.621s (73.89% complete, 11.9k rays)
Render time: 745.012s (73.97% complete, 11.9k rays)
Render time: 746.934s (74.21% complete, 35.8k rays)
Render time: 748.009s (74.44% complete, 35.7k rays)
Render time: 750.289s (74.60% complete, 23.6k rays)
Render time: 752.233s (74.84% complete, 35.6k rays)
Render time: 753.661s (74.92% complete, 11.9k rays)
Render time: 755.612s (75.08% complete, 23.8k rays)
Render time: 756.626s (75.24% complete, 23.8k rays)
Render time: 758.135s (75.48% complete, 35.6k rays)
Render time: 759.648s (75.56% complete, 12.0k rays)
Render time: 761.868s (75.79% complete, 35.8k rays)
Render time: 763.728s (75.87% complete, 11.9k rays)
Render time: 765.226s (76.03% complete, 24.0k rays)
Render time: 767.303s (76.27% complete, 35.6k rays)
Render time: 768.715s (76.51% complete, 35.5k rays)
Render time: 771.765s (76.75% complete, 35.8k rays)
Render time: 773.253s (76.90% complete, 24.0k rays)
Render time: 774.823s (76.98% complete, 11.8k rays)
Render time: 775.979s (77.14% complete, 23.8k rays)
Render time: 777.160s (77.22% complete, 11.9k rays)
Render time: 779.029s (77.62% complete, 59.3k rays)
Render time: 781.513s (77.70% complete, 11.9k rays)
Render time: 782.954s (77.86% complete, 23.7k rays)
Render time: 784.146s (78.02% complete, 23.8k rays)
Render time: 785.646s (78.10% complete, 12.0k rays)
Render time: 787.212s (78.41% complete, 47.7k rays)
Render time: 788.266s (78.57% complete, 23.9k rays)
Render time: 790.841s (78.65% complete, 11.9k rays)
Render time: 792.138s (78.81% complete, 23.7k rays)
Render time: 793.461s (78.89% complete, 12.0k rays)
Render time: 795.084s (79.05% complete, 24.0k rays)
Render time: 796.286s (79.21% complete, 23.7k rays)
Render time: 797.995s (79.52% complete, 47.5k rays)
Render time: 800.201s (79.60% complete, 11.9k rays)
Render time: 801.359s (79.76% complete, 23.8k rays)
Render time: 802.882s (79.84% complete, 11.9k rays)
Render time: 804.924s (80.00% complete, 23.8k rays)
Render time: 806.646s (80.32% complete, 47.7k rays)
Render time: 807.974s (80.48% complete, 23.8k rays)
Render time: 809.485s (80.56% complete, 12.0k rays)
Render time: 811.450s (80.71% complete, 23.8k rays)
Render time: 813.419s (80.87% complete, 23.7k rays)
Render time: 815.097s (81.11% complete, 35.7k rays)
Render time: 816.874s (81.35% complete, 35.6k rays)
Render time: 818.992s (81.51% complete, 23.7k rays)
Render time: 820.313s (81.59% complete, 11.9k rays)
Render time: 821.335s (81.75% complete, 23.8k rays)
Render time: 822.793s (81.83% complete, 11.9k rays)
Render time: 824.035s (81.98% complete, 23.9k rays)
Render time: 825.092s (82.14% complete, 23.8k rays)
Render time: 826.514s (82.30% complete, 23.7k rays)
Render time: 828.429s (82.46% complete, 23.7k rays)
Render time: 830.939s (82.62% complete, 23.8k rays)
Render time: 832.055s (82.78% complete, 23.7k rays)
Render time: 833.612s (82.94% complete, 23.6k rays)
Render time: 834.687s (83.10% complete, 23.7k rays)
Render time: 835.748s (83.25% complete, 23.8k rays)
Render time: 838.316s (83.49% complete, 35.2k rays)
Render time: 839.915s (83.57% complete, 12.0k rays)
Render time: 841.432s (83.73% complete, 23.7k rays)
Render time: 842.849s (83.81% complete, 11.8k rays)
Render time: 844.100s (84.13% complete, 47.5k rays)
Render time: 845.675s (84.29% complete, 23.8k rays)
Render time: 847.304s (84.44% complete, 23.8k rays)
Render time: 850.491s (84.52% complete, 11.8k rays)
Render time: 851.738s (84.76% complete, 35.8k rays)
Render time: 852.792s (84.92% complete, 23.9k rays)
Render time: 854.296s (85.16% complete, 35.5k rays)
Render time: 857.536s (85.40% complete, 35.6k rays)
Render time: 859.462s (85.48% complete, 12.0k rays)
Render time: 861.687s (85.71% complete, 35.6k rays)
Render time: 862.869s (85.95% complete, 35.7k rays)
Render time: 864.087s (86.27% complete, 47.5k rays)
Render time: 867.155s (86.35% complete, 11.9k rays)
Render time: 869.092s (86.43% complete, 11.9k rays)
Render time: 871.476s (86.67% complete, 35.6k rays)
Render time: 872.820s (86.98% complete, 47.5k rays)
Render time: 874.435s (87.22% complete, 35.6k rays)
Render time: 876.916s (87.30% complete, 11.9k rays)
Render time: 879.023s (87.38% complete, 12.0k rays)
Render time: 880.543s (87.62% complete, 35.8k rays)
Render time: 881.682s (87.78% complete, 23.7k rays)
Render time: 883.157s (88.02% complete, 35.6k rays)
Render time: 886.025s (88.25% complete, 35.9k rays)
Render time: 887.965s (88.33% complete, 11.8k rays)
Render time: 888.969s (88.41% complete, 11.9k rays)
Render time: 890.252s (88.57% complete, 23.7k rays)
Render time: 891.310s (88.81% complete, 35.5k rays)
Render time: 892.326s (88.97% complete, 23.7k rays)
Render time: 893.439s (89.13% complete, 23.7k rays)
Render time: 895.189s (89.21% complete, 11.9k rays)
Render time: 897.519s (89.29% complete, 11.9k rays)
Render time: 898.949s (89.37% complete, 11.8k rays)
Render time: 900.942s (89.68% complete, 47.4k rays)
Render time: 902.361s (89.92% complete, 35.8k rays)
Render time: 903.937s (90.16% complete, 35.6k rays)
Render time: 906.516s (90.24% complete, 11.9k rays)
Render time: 908.394s (90.32% complete, 11.9k rays)
Render time: 909.978s (90.63% complete, 47.8k rays)
Render time: 911.053s (90.79% complete, 23.9k rays)
Render time: 913.259s (91.11% complete, 47.8k rays)
Render time: 916.414s (91.19% complete, 11.8k rays)
Render time: 917.642s (91.27% complete, 12.0k rays)
Render time: 919.688s (91.59% complete, 47.5k rays)
Render time: 921.029s (91.83% complete, 35.8k rays)
Render time: 922.577s (92.06% complete, 35.7k rays)
Render time: 925.038s (92.14% complete, 11.8k rays)
Render time: 926.650s (92.22% complete, 11.9k rays)
Render time: 927.913s (92.38% complete, 23.8k rays)
Render time: 929.153s (92.62% complete, 35.6k rays)
Render time: 930.443s (92.78% complete, 23.8k rays)
Render time: 932.619s (93.02% complete, 35.6k rays)
Render time: 934.133s (93.10% complete, 12.0k rays)
Render time: 936.454s (93.17% complete, 12.0k rays)
Render time: 938.055s (93.49% complete, 47.5k rays)
Render time: 939.177s (93.57% complete, 11.9k rays)
Render time: 940.426s (93.89% complete, 47.6k rays)
Render time: 944.792s (94.05% complete, 23.8k rays)
Render time: 945.867s (94.13% complete, 11.8k rays)
Render time: 947.135s (94.29% complete, 23.7k rays)
Render time: 948.562s (94.60% complete, 47.6k rays)
Render time: 949.635s (94.76% complete, 23.7k rays)
Render time: 954.299s (95.00% complete, 35.6k rays)
Render time: 956.012s (95.16% complete, 23.9k rays)
Render time: 958.961s (95.56% complete, 59.4k rays)
Render time: 959.990s (95.79% complete, 35.5k rays)
Render time: 963.971s (95.95% complete, 23.8k rays)
Render time: 965.255s (96.11% complete, 23.7k rays)
Render time: 966.552s (96.43% complete, 47.5k rays)
Render time: 967.801s (96.51% complete, 11.9k rays)
Render time: 968.939s (96.59% complete, 12.0k rays)
Render time: 973.716s (96.90% complete, 47.6k rays)
Render time: 974.806s (97.14% complete, 35.9k rays)
Render time: 978.135s (97.46% complete, 47.6k rays)
Render time: 979.535s (97.78% complete, 47.6k rays)
Render time: 982.642s (97.86% complete, 11.9k rays)
Render time: 983.725s (98.02% complete, 23.9k rays)
Render time: 985.793s (98.33% complete, 47.1k rays)
Render time: 986.841s (98.41% complete, 11.6k rays)
Render time: 987.854s (98.49% complete, 11.9k rays)
Render time: 989.041s (98.57% complete, 11.8k rays)
Render time: 991.959s (98.81% complete, 35.8k rays)
Render time: 993.354s (99.05% complete, 35.6k rays)
Render time: 995.726s (99.37% complete, 47.7k rays)
Render time: 997.035s (99.60% complete, 35.7k rays)
Render time: 998.463s (99.76% complete, 23.9k rays)
Render time: 999.546s (100.00% complete, 35.8k rays)
Render complete - time elapsed 999.547s - 15.0k rays/s
Render pass 2:
Render time: 8.961s (0.40% complete, 11.6k rays)
Render time: 10.001s (3.57% complete, 94.4k rays)
Render time: 17.330s (5.16% complete, 47.4k rays)
Render time: 18.405s (5.56% complete, 11.6k rays)
Render time: 19.415s (7.54% complete, 58.9k rays)
Render time: 20.740s (9.52% complete, 59.3k rays)
Render time: 26.689s (9.92% complete, 11.9k rays)
Render time: 28.059s (10.32% complete, 11.9k rays)
Render time: 29.098s (12.30% complete, 58.8k rays)
Render time: 30.569s (13.89% complete, 47.1k rays)
Render time: 37.176s (14.68% complete, 23.7k rays)
Render time: 38.227s (15.87% complete, 35.3k rays)
Render time: 39.523s (18.65% complete, 83.0k rays)
Render time: 46.375s (19.44% complete, 23.4k rays)
Render time: 47.486s (21.03% complete, 47.2k rays)
Render time: 49.308s (22.62% complete, 47.5k rays)
Render time: 56.021s (24.21% complete, 47.2k rays)
Render time: 57.254s (25.79% complete, 47.1k rays)
Render time: 59.031s (27.38% complete, 47.3k rays)
Render time: 60.638s (28.57% complete, 35.6k rays)
Render time: 65.028s (28.97% complete, 11.6k rays)
Render time: 66.371s (29.76% complete, 23.6k rays)
Render time: 67.582s (31.35% complete, 47.5k rays)
Render time: 69.210s (32.94% complete, 47.4k rays)
Render time: 74.891s (33.73% complete, 23.7k rays)
Render time: 75.904s (34.92% complete, 35.5k rays)
Render time: 77.216s (36.11% complete, 35.5k rays)
Render time: 78.300s (37.30% complete, 35.6k rays)
Render time: 79.543s (38.10% complete, 23.8k rays)
Render time: 84.414s (38.49% complete, 11.8k rays)
Render time: 85.627s (39.68% complete, 35.6k rays)
Render time: 87.119s (41.27% complete, 47.4k rays)
Render time: 88.168s (42.46% complete, 35.6k rays)
Render time: 93.900s (43.25% complete, 23.5k rays)
Render time: 95.561s (44.84% complete, 47.3k rays)
Render time: 97.063s (46.03% complete, 35.2k rays)
Render time: 98.487s (47.22% complete, 35.7k rays)
Render time: 103.093s (48.02% complete, 23.6k rays)
Render time: 104.239s (49.21% complete, 35.5k rays)
Render time: 105.909s (50.00% complete, 23.8k rays)
Render time: 107.188s (50.79% complete, 23.5k rays)
Render time: 108.326s (51.98% complete, 35.6k rays)
Render time: 113.309s (52.78% complete, 23.7k rays)
Render time: 115.305s (54.37% complete, 47.5k rays)
Render time: 116.595s (55.16% complete, 23.7k rays)
Render time: 117.672s (55.95% complete, 23.7k rays)
Render time: 118.845s (57.14% complete, 35.4k rays)
Render time: 122.732s (57.54% complete, 11.8k rays)
Render time: 124.263s (58.73% complete, 35.5k rays)
Render time: 125.922s (59.52% complete, 23.7k rays)
Render time: 127.095s (61.11% complete, 47.4k rays)
Render time: 129.585s (61.90% complete, 23.8k rays)
Render time: 131.956s (62.30% complete, 11.9k rays)
Render time: 133.643s (63.10% complete, 23.7k rays)
Render time: 134.937s (63.89% complete, 23.7k rays)
Render time: 135.938s (64.68% complete, 23.4k rays)
Render time: 137.547s (66.27% complete, 47.4k rays)
Render time: 139.124s (66.67% complete, 11.9k rays)
Render time: 141.703s (67.06% complete, 11.9k rays)
Render time: 143.002s (67.86% complete, 23.6k rays)
Render time: 144.270s (68.65% complete, 23.4k rays)
Render time: 145.565s (69.84% complete, 35.4k rays)
Render time: 147.097s (70.63% complete, 23.7k rays)
Render time: 151.715s (71.83% complete, 35.6k rays)
Render time: 153.221s (73.02% complete, 35.5k rays)
Render time: 154.526s (73.81% complete, 23.5k rays)
Render time: 155.974s (74.60% complete, 23.7k rays)
Render time: 157.354s (75.40% complete, 23.7k rays)
Render time: 161.539s (76.59% complete, 35.6k rays)
Render time: 162.599s (77.38% complete, 23.7k rays)
Render time: 163.671s (78.57% complete, 35.4k rays)
Render time: 165.682s (78.97% complete, 11.9k rays)
Render time: 166.731s (79.76% complete, 23.7k rays)
Render time: 170.578s (81.35% complete, 47.3k rays)
Render time: 171.943s (81.75% complete, 11.8k rays)
Render time: 173.092s (82.14% complete, 11.6k rays)
Render time: 175.773s (83.73% complete, 47.4k rays)
Render time: 177.058s (85.71% complete, 59.4k rays)
Render time: 180.068s (86.11% complete, 11.9k rays)
Render time: 181.766s (86.51% complete, 11.9k rays)
Render time: 183.075s (86.90% complete, 11.8k rays)
Render time: 184.168s (88.10% complete, 35.4k rays)
Render time: 185.262s (88.89% complete, 23.8k rays)
Render time: 186.592s (89.68% complete, 23.4k rays)
Render time: 190.217s (90.87% complete, 35.5k rays)
Render time: 191.689s (91.27% complete, 11.9k rays)
Render time: 192.705s (92.06% complete, 23.7k rays)
Render time: 194.351s (93.25% complete, 35.7k rays)
Render time: 195.467s (94.44% complete, 35.2k rays)
Render time: 196.700s (94.84% complete, 11.8k rays)
Render time: 199.883s (95.63% complete, 23.6k rays)
Render time: 201.565s (96.03% complete, 11.8k rays)
Render time: 202.682s (97.62% complete, 47.3k rays)
Render time: 203.754s (98.81% complete, 35.3k rays)
Render complete - time elapsed 204.150s - 14.6k rays/s
Render pass 3:
Render time: 9.072s (0.40% complete, 11.8k rays)
Render time: 10.143s (3.97% complete, 106.3k rays)
Render time: 18.678s (5.16% complete, 35.6k rays)
Render time: 19.757s (8.33% complete, 94.6k rays)
Render time: 27.912s (9.92% complete, 47.6k rays)
Render time: 28.938s (11.90% complete, 59.2k rays)
Render time: 30.342s (13.89% complete, 59.4k rays)
Render time: 37.400s (14.68% complete, 23.7k rays)
Render time: 38.554s (16.27% complete, 47.3k rays)
Render time: 40.166s (18.65% complete, 71.0k rays)
Render time: 47.038s (19.44% complete, 23.9k rays)
Render time: 48.242s (21.43% complete, 59.3k rays)
Render time: 50.194s (23.02% complete, 47.4k rays)
Render time: 51.533s (23.81% complete, 23.6k rays)
Render time: 56.747s (24.21% complete, 11.8k rays)
Render time: 57.859s (25.79% complete, 47.4k rays)
Render time: 58.898s (26.98% complete, 35.7k rays)
Render time: 60.194s (28.17% complete, 35.5k rays)
Render time: 66.247s (28.97% complete, 23.8k rays)
Render time: 67.711s (30.56% complete, 47.1k rays)
Render time: 69.237s (32.54% complete, 59.3k rays)
Render time: 70.684s (33.33% complete, 23.7k rays)
Render time: 75.760s (33.73% complete, 11.9k rays)
Render time: 76.935s (34.92% complete, 35.5k rays)
Render time: 77.999s (36.51% complete, 47.5k rays)
Render time: 79.032s (36.90% complete, 11.9k rays)
Render time: 85.255s (38.49% complete, 47.4k rays)
Render time: 86.615s (39.68% complete, 35.6k rays)
Render time: 87.915s (40.48% complete, 23.8k rays)
Render time: 89.014s (42.06% complete, 47.4k rays)
Render time: 95.543s (43.25% complete, 35.7k rays)
Render time: 96.769s (44.44% complete, 35.6k rays)
Render time: 97.929s (46.43% complete, 59.4k rays)
Render time: 99.114s (46.83% complete, 11.9k rays)
Render time: 105.304s (48.02% complete, 35.4k rays)
Render time: 106.537s (49.60% complete, 47.5k rays)
Render time: 107.601s (50.40% complete, 23.7k rays)
Render time: 109.618s (52.38% complete, 59.2k rays)
Render time: 115.086s (52.78% complete, 11.8k rays)
Render time: 116.214s (53.97% complete, 35.5k rays)
Render time: 117.354s (55.16% complete, 35.6k rays)
Render time: 120.333s (57.14% complete, 59.4k rays)
Render time: 124.544s (57.54% complete, 11.9k rays)
Render time: 125.545s (58.33% complete, 23.7k rays)
Render time: 127.226s (59.52% complete, 35.7k rays)
Render time: 129.478s (61.90% complete, 71.2k rays)
Render time: 133.692s (62.30% complete, 11.9k rays)
Render time: 135.632s (62.70% complete, 11.8k rays)
Render time: 137.046s (65.08% complete, 71.3k rays)
Render time: 139.091s (66.67% complete, 47.4k rays)
Render time: 142.760s (67.06% complete, 11.9k rays)
Render time: 144.762s (67.46% complete, 11.7k rays)
Render time: 145.765s (68.25% complete, 23.8k rays)
Render time: 146.801s (70.24% complete, 59.1k rays)
Render time: 148.136s (71.43% complete, 35.7k rays)
Render time: 153.196s (71.83% complete, 11.9k rays)
Render time: 154.723s (72.22% complete, 11.6k rays)
Render time: 155.889s (74.21% complete, 58.9k rays)
Render time: 157.215s (75.00% complete, 23.8k rays)
Render time: 162.490s (76.59% complete, 47.6k rays)
Render time: 164.163s (76.98% complete, 11.9k rays)
Render time: 165.277s (77.78% complete, 23.8k rays)
Render time: 166.879s (79.76% complete, 59.3k rays)
Render time: 167.999s (80.95% complete, 35.7k rays)
Render time: 171.768s (81.35% complete, 11.8k rays)
Render time: 174.102s (81.75% complete, 11.6k rays)
Render time: 175.254s (83.33% complete, 47.4k rays)
Render time: 176.291s (84.52% complete, 35.5k rays)
Render time: 177.715s (85.71% complete, 35.5k rays)
Render time: 181.455s (86.11% complete, 11.9k rays)
Render time: 183.297s (86.51% complete, 11.8k rays)
Render time: 185.075s (87.30% complete, 23.8k rays)
Render time: 186.193s (89.29% complete, 59.3k rays)
Render time: 190.975s (90.87% complete, 47.3k rays)
Render time: 192.485s (91.27% complete, 11.9k rays)
Render time: 194.091s (91.67% complete, 11.9k rays)
Render time: 195.106s (93.25% complete, 47.6k rays)
Render time: 196.332s (94.84% complete, 47.5k rays)
Render time: 201.374s (95.63% complete, 23.8k rays)
Render time: 202.438s (96.03% complete, 11.8k rays)
Render time: 203.633s (97.22% complete, 35.7k rays)
Render time: 204.687s (99.21% complete, 59.4k rays)
Render complete - time elapsed 205.067s - 14.6k rays/s
Render pass 4:
