Render pass 1:
374.56751508588155
454.05925670782483
465.0400158412534
489.5237543088096
506.2045895042635
572.0233703366562
441.7269353714401
639.9448638885999
546.4520896073434
566.949490877964
304.20844253856865
417.3983707469573
409.5588354768972
408.7353353265204
203.44759093674347
538.4768109065502
355.68372402215385
358.205629257708
393.08262333639414
66.52417162659167
206.37946297050567
293.5333564706858
84.82800222225386
251.69940129706322
201.94681217383535
548.0030122755868
405.77716600413237
597.508183714378
661.8481243137262
370.930789260384
647.6504092262724
649.0937658995421
467.4265721802124
507.4699264685582
546.3767107910711
553.8637914176026
594.7202087763706
592.0766295897045
633.2158006595142
632.7229937382077
642.0442889153128
639.6563274547434
561.8848641637209
529.6465543728866
339.1628537859196
287.72740017457676
490.34949047798443
499.0263621380344
249.87762130517575
285.94471291103775
261.02555055516655
3.0885193146988263
589.6651817191162
673.2385790201182
660.4897291108798
688.7091428996794
652.851985546297
279.4448214055979
128.27543974667043
307.5327426817762
488.069572822108
145.78720300542466
85.8793377996532
343.97474065217176
474.307258661472
474.4866063887604
399.95907208151147
486.3591692458358
494.155869098514
404.01607465104047
703.6811724236269
654.0865735267071
652.6746833183636
592.8128122894526
680.6405950604515
476.5192280003058
383.4901288484475
93.27200431953644
571.598332523422
478.70209558197683
481.43391762132205
532.5782948348542
461.13474773490645
562.2855231443215
536.0564390912763
196.87966989737453
600.1530549609197
674.3534320982473
651.5971374623341
652.4072279857879
658.9384590901144
663.1582655023421
562.3304055049576
353.61412328079297
38.38785288767567
505.63998812703346
367.8858575515822
529.9872931913754
678.5193838454327
260.8174327560917
575.9079431924064
575.9694434945167
434.76840238635646
559.2895221169105
526.621686973506
524.8775828341583
268.29549828227925
407.07887999982927
279.0305278625558
207.47605083668773
83.8055354741607
561.8753506603364
376.3694829920433
287.1335110279126
49.61656712256209
189.92116304945893
139.66875854692614
401.2371689482022
526.6285193973129
610.8373090758348
585.4144981767653
359.3069881965181
540.8419146734659
536.7218746043984
619.0140068625981
638.1876514955204
615.6546842109997
597.1502540774627
534.6775383508924
481.84597208642225
381.2043544337796
379.93109761270205
578.8824947565513
655.5242402614889
644.1647477831341
607.720974851962
696.6893578307489
377.82350508393733
523.7602398369337
484.12246063845794
498.17166761465234
274.8641925770806
553.2646871360947
403.2317966941177
548.5128728068128
431.18319632873073
124.1372049090631
466.1659587615476
10.537583678321651
350.8577007579748
111.20012573962678
570.9574884173618
576.1947304034467
566.4059205849563
578.7880270145557
520.9523881799954
561.7696447370062
378.2267500412866
465.5449510842936
607.0912003409285
658.6707468864981
374.847608784175
514.110832182139
605.4368166807047
276.5439397133969
675.8727873984968
609.3046707419459
668.4985617714356
486.5498174347362
389.3012419167789
421.82136916842126
259.4999164451532
362.7636949861161
398.6067004153288
439.67428151250897
512.6208153741251
682.0784146365698
692.080307362115
692.3212366109925
555.0903319815033
317.3880951402208
5.235745600730707
71.21744787947542
512.9028606126199
334.83236506747585
612.2432194866005
597.2657378704417
583.0662840647182
598.9297337301781
308.90201663554603
451.2134647381032
539.8117047277574
567.3841988499959
576.051663934314
550.077331193687
669.1444166037767
314.33094414152913
285.63873995008277
567.7206259655156
238.3175200271719
396.42009098344147
267.81463659143185
555.7057368824784
434.8291697559975
429.72639019015617
665.0616525582461
408.88954620360226
375.660295102283
303.9081320584851
415.9156755877586
348.3722704883123
407.0911158441506
0.5721941775397372
304.18202893330186
326.16281902890216
561.5018023964681
354.86684724653
306.9811328332359
437.53174287531135
352.01689296291124
315.8456674346211
152.8245293461894
Render time: 1.000s (11.18% complete, 3.7k rays)
Render time: 2.000s (24.15% complete, 4.2k rays)
Render time: 3.003s (38.37% complete, 4.7k rays)
Render time: 4.007s (53.20% complete, 4.9k rays)
Render time: 5.008s (67.57% complete, 4.7k rays)
Render time: 6.011s (80.87% complete, 4.4k rays)
Render time: 7.017s (95.92% complete, 4.9k rays)
Render complete - time elapsed 7.282s - 4.5k rays/s
